<?xml version="1.0" encoding="UTF-8" ?>
<testsuite tests="1" failures="0" name="ru.gb.AppTest" time="0.003" errors="0" skipped="0">
  <properties>
    <property name="idea.version" value="2020.2"/>
    <property name="java.runtime.name" value="OpenJDK Runtime Environment"/>
    <property name="java.vm.version" value="17.0.4+8-Ubuntu-120.04"/>
    <property name="sun.boot.library.path" value="/usr/lib/jvm/java-17-openjdk-amd64/lib"/>
    <property name="maven.multiModuleProjectDirectory" value="/home/adkogan/GeekBrains/WebUI/HW/HW1"/>
    <property name="java.vm.vendor" value="Private Build"/>
    <property name="java.vendor.url" value="Unknown"/>
    <property name="guice.disable.misplaced.annotation.check" value="true"/>
    <property name="path.separator" value=":"/>
    <property name="java.vm.name" value="OpenJDK 64-Bit Server VM"/>
    <property name="idea.launcher.port" value="43885"/>
    <property name="user.country" value="US"/>
    <property name="sun.java.launcher" value="SUN_STANDARD"/>
    <property name="java.vm.specification.name" value="Java Virtual Machine Specification"/>
    <property name="user.dir" value="/home/adkogan/GeekBrains/WebUI/HW/HW1"/>
    <property name="java.vm.compressedOopsMode" value="Zero based"/>
    <property name="java.runtime.version" value="17.0.4+8-Ubuntu-120.04"/>
    <property name="os.arch" value="amd64"/>
    <property name="java.io.tmpdir" value="/tmp"/>
    <property name="line.separator" value="
"/>
    <property name="java.vm.specification.vendor" value="Oracle Corporation"/>
    <property name="os.name" value="Linux"/>
    <property name="maven.ext.class.path" value="/home/adkogan/.local/share/JetBrains/Toolbox/apps/IDEA-C/ch-0/202.6397.94/plugins/maven/lib/maven-event-listener.jar"/>
    <property name="classworlds.conf" value="/home/adkogan/.local/share/JetBrains/Toolbox/apps/IDEA-C/ch-0/202.6397.94/plugins/maven/lib/maven3/bin/m2.conf"/>
    <property name="sun.jnu.encoding" value="UTF-8"/>
    <property name="java.library.path" value="/usr/java/packages/lib:/usr/lib/x86_64-linux-gnu/jni:/lib/x86_64-linux-gnu:/usr/lib/x86_64-linux-gnu:/usr/lib/jni:/lib:/usr/lib"/>
    <property name="maven.conf" value="/home/adkogan/.local/share/JetBrains/Toolbox/apps/IDEA-C/ch-0/202.6397.94/plugins/maven/lib/maven3/conf"/>
    <property name="jdk.debug" value="release"/>
    <property name="java.class.version" value="61.0"/>
    <property name="java.specification.name" value="Java Platform API Specification"/>
    <property name="sun.management.compiler" value="HotSpot 64-Bit Tiered Compilers"/>
    <property name="os.version" value="5.4.0-126-generic"/>
    <property name="user.home" value="/home/adkogan"/>
    <property name="user.timezone" value="Asia/Jerusalem"/>
    <property name="idea.launcher.bin.path" value="/home/adkogan/.local/share/JetBrains/Toolbox/apps/IDEA-C/ch-0/202.6397.94/bin"/>
    <property name="file.encoding" value="UTF-8"/>
    <property name="java.specification.version" value="17"/>
    <property name="user.name" value="adkogan"/>
    <property name="java.class.path" value="/home/adkogan/.local/share/JetBrains/Toolbox/apps/IDEA-C/ch-0/202.6397.94/plugins/maven/lib/maven3/boot/plexus-classworlds.license:/home/adkogan/.local/share/JetBrains/Toolbox/apps/IDEA-C/ch-0/202.6397.94/plugins/maven/lib/maven3/boot/plexus-classworlds-2.6.0.jar:/home/adkogan/.local/share/JetBrains/Toolbox/apps/IDEA-C/ch-0/202.6397.94/lib/idea_rt.jar"/>
    <property name="java.vm.specification.version" value="17"/>
    <property name="sun.arch.data.model" value="64"/>
    <property name="sun.java.command" value="com.intellij.rt.execution.application.AppMainV2 org.codehaus.classworlds.Launcher -Didea.version=2020.2 install"/>
    <property name="java.home" value="/usr/lib/jvm/java-17-openjdk-amd64"/>
    <property name="user.language" value="en"/>
    <property name="java.specification.vendor" value="Oracle Corporation"/>
    <property name="java.vm.info" value="mixed mode, sharing"/>
    <property name="java.version" value="17.0.4"/>
    <property name="native.encoding" value="UTF-8"/>
    <property name="securerandom.source" value="file:/dev/./urandom"/>
    <property name="java.vendor" value="Private Build"/>
    <property name="maven.home" value="/home/adkogan/.local/share/JetBrains/Toolbox/apps/IDEA-C/ch-0/202.6397.94/plugins/maven/lib/maven3"/>
    <property name="file.separator" value="/"/>
    <property name="java.version.date" value="2022-07-19"/>
    <property name="java.vendor.url.bug" value="Unknown"/>
    <property name="sun.io.unicode.encoding" value="UnicodeLittle"/>
    <property name="sun.cpu.endian" value="little"/>
  </properties>
  <testcase classname="ru.gb.AppTest" name="shouldAnswerWithTrue" time="0.003"/>
</testsuite>